#
# There is insufficient memory for the Java Runtime Environment to continue.
# Native memory allocation (mmap) failed to map 536870912 bytes. Error detail: G1 virtual space
# Possible reasons:
#   The system is out of physical RAM or swap space
#   This process is running with CompressedOops enabled, and the Java Heap may be blocking the growth of the native heap
# Possible solutions:
#   Reduce memory load on the system
#   Increase physical memory or swap space
#   Check if swap backing store is full
#   Decrease Java heap size (-Xmx/-Xms)
#   Decrease number of Java threads
#   Decrease Java thread stack sizes (-Xss)
#   Set larger code cache with -XX:ReservedCodeCacheSize=
#   JVM is running with Zero Based Compressed Oops mode in which the Java heap is
#     placed in the first 32GB address space. The Java Heap base address is the
#     maximum limit for the native heap growth. Please use -XX:HeapBaseMinAddress
#     to set the Java Heap base and to place the Java Heap above 32GB virtual address.
# This output file may be truncated or incomplete.
#
#  Out of Memory Error (os_windows.cpp:3564), pid=23628, tid=16208
#
# JRE version:  (24.0.1+9) (build )
# Java VM: Java HotSpot(TM) 64-Bit Server VM (24.0.1+9-30, mixed mode, sharing, tiered, compressed oops, compressed class ptrs, g1 gc, windows-amd64)
# No core dump will be written. Minidumps are not enabled by default on client versions of Windows
#

---------------  S U M M A R Y ------------

Command Line: -Dclassworlds.conf=E:\apache-maven-3.9.9\bin\m2.conf -Dmaven.home=E:\apache-maven-3.9.9 -Dlibrary.jansi.path=E:\apache-maven-3.9.9\lib\jansi-native -Dmaven.multiModuleProjectDirectory=E:\servers_mew\cringe1_21_4_skywars\plugins\itemfix org.codehaus.plexus.classworlds.launcher.Launcher clean -f e:\servers_mew\cringe1_21_4_skywars\plugins\itemfix\pom.xml

Host: AMD Ryzen 7 5700X 8-Core Processor             , 16 cores, 31G,  Windows 10 , 64 bit Build 19041 (10.0.19041.5072)
Time: Sat Jun 14 23:36:21 2025 RTZ 2 (s 10 , 64 bit Build 19041 (10.0.19041.5072) elapsed time: 0.007404 seconds (0d 0h 0m 0s)

---------------  T H R E A D  ---------------

Current thread (0x000002828b52fcf0):  JavaThread "Unknown thread" [_thread_in_vm, id=16208, stack(0x000000bdb0100000,0x000000bdb0200000) (1024K)]

Stack: [0x000000bdb0100000,0x000000bdb0200000]
Native frames: (J=compiled Java code, j=interpreted, Vv=VM code, C=native code)
V  [jvm.dll+0x730739]  (no source info available)
V  [jvm.dll+0x8d9b23]  (no source info available)
V  [jvm.dll+0x8dc00d]  (no source info available)
V  [jvm.dll+0x8dc683]  (no source info available)
V  [jvm.dll+0x2aa086]  (no source info available)
V  [jvm.dll+0x72cc65]  (no source info available)
V  [jvm.dll+0x72059a]  (no source info available)
V  [jvm.dll+0x390cea]  (no source info available)
V  [jvm.dll+0x3989f6]  (no source info available)
V  [jvm.dll+0x38523e]  (no source info available)
V  [jvm.dll+0x3854f8]  (no source info available)
V  [jvm.dll+0x35d0cc]  (no source info available)
V  [jvm.dll+0x35dd8d]  (no source info available)
V  [jvm.dll+0x89d28f]  (no source info available)
V  [jvm.dll+0x3f985d]  (no source info available)
V  [jvm.dll+0x8858e6]  (no source info available)
V  [jvm.dll+0x495f3e]  (no source info available)
V  [jvm.dll+0x497d11]  (no source info available)
C  [jli.dll+0x52a1]  (no source info available)
C  [ucrtbase.dll+0x21bb2]  (no source info available)
C  [KERNEL32.DLL+0x17374]  (no source info available)
C  [ntdll.dll+0x4cc91]  (no source info available)

Lock stack of current Java thread (top to bottom):


---------------  P R O C E S S  ---------------

Threads class SMR info:
_java_thread_list=0x00007ffe47d8f318, length=0, elements={
}

Java Threads: ( => current thread )
Total: 0

Other Threads:
  0x000002828da1c560 WorkerThread "GC Thread#0"                     [id=23604, stack(0x000000bdb0200000,0x000000bdb0300000) (1024K)]
  0x000002828da316a0 ConcurrentGCThread "G1 Main Marker"            [id=18712, stack(0x000000bdb0300000,0x000000bdb0400000) (1024K)]
  0x000002828da32950 WorkerThread "G1 Conc#0"                       [id=5340, stack(0x000000bdb0400000,0x000000bdb0500000) (1024K)]

[error occurred during error reporting (printing all threads), id 0xc0000005, EXCEPTION_ACCESS_VIOLATION (0xc0000005) at pc=0x00007ffe474c14ea]
VM state: not at safepoint (not fully initialized)

VM Mutex/Monitor currently owned by a thread:  ([mutex/lock_event])
[0x00007ffe47e145b0] Heap_lock - owner thread: 0x000002828b52fcf0

Heap address: 0x0000000600c00000, size: 8180 MB, Compressed Oops mode: Zero based, Oop shift amount: 3

CDS archive(s) mapped at: [0x0000000000000000-0x0000000000000000-0x0000000000000000), size 0, SharedBaseAddress: 0x0000000800000000, ArchiveRelocationMode: 1.
UseCompressedClassPointers 1, UseCompactObjectHeaders 0
Narrow klass pointer bits 32, Max shift 3
Narrow klass base: 0xffffffffffffffff, Narrow klass shift: -1
Encoding Range: [0xffffffffffffffff - 0x000000007fffffff), (2147483648 bytes)
Klass Range:    [0x0000000000000000 - 0x0000000000000000), (0 bytes)
Klass ID Range:  [4294967295 - 0) (1)

GC Precious Log:
 CardTable entry size: 512
 Card Set container configuration: InlinePtr #cards 4 size 8 Array Of Cards #cards 32 size 80 Howl #buckets 8 coarsen threshold 7372 Howl Bitmap #cards 1024 size 144 coarsen threshold 921 Card regions per heap region 1 cards per card region 8192

Heap:
 garbage-first heap   total reserved 8376320K, committed 0K, used 0K [0x0000000600c00000, 0x0000000800000000)
  region size 4096K, 0 young (0K), 0 survivors (0K)

[error occurred during error reporting (printing heap information), id 0xc0000005, EXCEPTION_ACCESS_VIOLATION (0xc0000005) at pc=0x00007ffe478de3e9]
GC Heap History (0 events):
No events

Dll operation events (1 events):
Event: 0.004 Loaded shared library C:\Program Files\Java\jdk-24\bin\java.dll

Deoptimization events (0 events):
No events

Classes loaded (0 events):
No events

Classes unloaded (0 events):
No events

Classes redefined (0 events):
No events

Internal exceptions (0 events):
No events

VM Operations (0 events):
No events

Memory protections (0 events):
No events

Nmethod flushes (0 events):
No events

Events (0 events):
No events


Dynamic libraries:
0x00007ff747b80000 - 0x00007ff747b90000 	C:\Program Files\Java\jdk-24\bin\java.exe
0x00007ffec3f50000 - 0x00007ffec4148000 	C:\WINDOWS\SYSTEM32\ntdll.dll
0x00007ffec27e0000 - 0x00007ffec28a2000 	C:\WINDOWS\System32\KERNEL32.DLL
0x00007ffec1c00000 - 0x00007ffec1efe000 	C:\WINDOWS\System32\KERNELBASE.dll
0x00007ffec1720000 - 0x00007ffec1820000 	C:\WINDOWS\System32\ucrtbase.dll
0x00007ffebe0e0000 - 0x00007ffebe0f6000 	C:\Program Files\Java\jdk-24\bin\jli.dll
0x00007ffebdf90000 - 0x00007ffebdfab000 	C:\Program Files\Java\jdk-24\bin\VCRUNTIME140.dll
0x00007ffec1f70000 - 0x00007ffec210d000 	C:\WINDOWS\System32\USER32.dll
0x00007ffec1bd0000 - 0x00007ffec1bf2000 	C:\WINDOWS\System32\win32u.dll
0x00007ffeb2040000 - 0x00007ffeb22da000 	C:\WINDOWS\WinSxS\amd64_microsoft.windows.common-controls_6595b64144ccf1df_6.0.19041.4355_none_60b8b9eb71f62e16\COMCTL32.dll
0x00007ffec3ee0000 - 0x00007ffec3f0b000 	C:\WINDOWS\System32\GDI32.dll
0x00007ffec3e40000 - 0x00007ffec3ede000 	C:\WINDOWS\System32\msvcrt.dll
0x00007ffec18d0000 - 0x00007ffec19e7000 	C:\WINDOWS\System32\gdi32full.dll
0x00007ffec15f0000 - 0x00007ffec168d000 	C:\WINDOWS\System32\msvcp_win.dll
0x00007ffec3470000 - 0x00007ffec349f000 	C:\WINDOWS\System32\IMM32.DLL
0x00007ffebdcc0000 - 0x00007ffebdccc000 	C:\Program Files\Java\jdk-24\bin\vcruntime140_1.dll
0x00007ffe9e280000 - 0x00007ffe9e30e000 	C:\Program Files\Java\jdk-24\bin\msvcp140.dll
0x00007ffe47150000 - 0x00007ffe47ef2000 	C:\Program Files\Java\jdk-24\bin\server\jvm.dll
0x00007ffec2a00000 - 0x00007ffec2ab1000 	C:\WINDOWS\System32\ADVAPI32.dll
0x00007ffec2b90000 - 0x00007ffec2c2f000 	C:\WINDOWS\System32\sechost.dll
0x00007ffec34a0000 - 0x00007ffec35c3000 	C:\WINDOWS\System32\RPCRT4.dll
0x00007ffec1ba0000 - 0x00007ffec1bc7000 	C:\WINDOWS\System32\bcrypt.dll
0x00007ffec3400000 - 0x00007ffec346b000 	C:\WINDOWS\System32\WS2_32.dll
0x00007ffec0b80000 - 0x00007ffec0bcb000 	C:\WINDOWS\SYSTEM32\POWRPROF.dll
0x00007ffeb8400000 - 0x00007ffeb8427000 	C:\WINDOWS\SYSTEM32\WINMM.dll
0x00007ffeba350000 - 0x00007ffeba35a000 	C:\WINDOWS\SYSTEM32\VERSION.dll
0x00007ffec09f0000 - 0x00007ffec0a02000 	C:\WINDOWS\SYSTEM32\UMPDC.dll
0x00007ffebf490000 - 0x00007ffebf4a2000 	C:\WINDOWS\SYSTEM32\kernel.appcore.dll
0x00007ffebdcb0000 - 0x00007ffebdcba000 	C:\Program Files\Java\jdk-24\bin\jimage.dll
0x00007ffeb6bc0000 - 0x00007ffeb6da4000 	C:\WINDOWS\SYSTEM32\DBGHELP.DLL
0x00007ffeaa000000 - 0x00007ffeaa034000 	C:\WINDOWS\SYSTEM32\dbgcore.DLL
0x00007ffec1690000 - 0x00007ffec1712000 	C:\WINDOWS\System32\bcryptPrimitives.dll
0x00007ffebdac0000 - 0x00007ffebdade000 	C:\Program Files\Java\jdk-24\bin\java.dll
0x00007ffec35d0000 - 0x00007ffec36fb000 	C:\WINDOWS\System32\ole32.dll
0x00007ffec3ae0000 - 0x00007ffec3e33000 	C:\WINDOWS\System32\combase.dll
0x00007ffec2c30000 - 0x00007ffec339d000 	C:\WINDOWS\System32\SHELL32.dll

JVMTI agents: none

dbghelp: loaded successfully - version: 4.0.5 - missing functions: none
symbol engine: initialized successfully - sym options: 0x614 - pdb path: .;C:\Program Files\Java\jdk-24\bin;C:\WINDOWS\SYSTEM32;C:\WINDOWS\WinSxS\amd64_microsoft.windows.common-controls_6595b64144ccf1df_6.0.19041.4355_none_60b8b9eb71f62e16;C:\Program Files\Java\jdk-24\bin\server

VM Arguments:
jvm_args: -Dclassworlds.conf=E:\apache-maven-3.9.9\bin\m2.conf -Dmaven.home=E:\apache-maven-3.9.9 -Dlibrary.jansi.path=E:\apache-maven-3.9.9\lib\jansi-native -Dmaven.multiModuleProjectDirectory=E:\servers_mew\cringe1_21_4_skywars\plugins\itemfix 
java_command: org.codehaus.plexus.classworlds.launcher.Launcher clean -f e:\servers_mew\cringe1_21_4_skywars\plugins\itemfix\pom.xml
java_class_path (initial): E:\apache-maven-3.9.9\boot\plexus-classworlds-2.8.0.jar
Launcher Type: SUN_STANDARD

[Global flags]
     intx CICompilerCount                          = 12                                        {product} {ergonomic}
     uint ConcGCThreads                            = 3                                         {product} {ergonomic}
     uint G1ConcRefinementThreads                  = 13                                        {product} {ergonomic}
   size_t G1HeapRegionSize                         = 4194304                                   {product} {ergonomic}
   size_t InitialHeapSize                          = 536870912                                 {product} {ergonomic}
   size_t MarkStackSize                            = 4194304                                   {product} {ergonomic}
   size_t MarkStackSizeMax                         = 536870912                                 {product} {ergonomic}
   size_t MaxHeapSize                              = 8577351680                                {product} {ergonomic}
   size_t MinHeapDeltaBytes                        = 4194304                                   {product} {ergonomic}
   size_t MinHeapSize                              = 8388608                                   {product} {ergonomic}
    uintx NonNMethodCodeHeapSize                   = 7602176                                {pd product} {ergonomic}
    uintx NonProfiledCodeHeapSize                  = 122093568                              {pd product} {ergonomic}
    uintx ProfiledCodeHeapSize                     = 121962496                              {pd product} {ergonomic}
    uintx ReservedCodeCacheSize                    = 251658240                              {pd product} {ergonomic}
     bool SegmentedCodeCache                       = true                                      {product} {ergonomic}
   size_t SoftMaxHeapSize                          = 8577351680                             {manageable} {ergonomic}
     bool UseCompressedOops                        = true                           {product lp64_product} {ergonomic}
     bool UseG1GC                                  = true                                      {product} {ergonomic}
     bool UseLargePagesIndividualAllocation        = false                                  {pd product} {ergonomic}

Logging:
Log output configuration:
 #0: stdout all=warning uptime,level,tags foldmultilines=false
 #1: stderr all=off uptime,level,tags foldmultilines=false

Environment Variables:
PATH=C:\Program Files\Common Files\Oracle\Java\javapath;C:\Program Files\Eclipse Adoptium\jdk-21.0.7.6-hotspot\bin;C:\Program Files (x86)\Common Files\Oracle\Java\java8path;C:\Program Files (x86)\Common Files\Oracle\Java\javapath;C:\ProgramData\Oracle\Java\javapath;C:\WINDOWS\system32;C:\WINDOWS;C:\WINDOWS\System32\Wbem;C:\WINDOWS\System32\WindowsPowerShell\v1.0\;C:\WINDOWS\System32\OpenSSH\;C:\Program Files\AmneziaWG\;C:\Program Files\Git\cmd;C:\Program Files\NVIDIA Corporation\NVIDIA App\NvDLISR;C:\Program Files (x86)\NVIDIA Corporation\PhysX\Common;C:\Program Files\dotnet\;C:\Program Files\FFmpeg\bin;C:\Users\yarik_temp\AppData\Local\Programs\Python\Python313\Scripts\;C:\Users\yarik_temp\AppData\Local\Programs\Python\Python313\;C:\Users\yarik_temp\AppData\Local\Microsoft\WindowsApps;C:\Users\yarik_temp\AppData\Local\Programs\Microsoft VS Code\bin;E:\apache-maven-3.9.9\bin;C:\Users\yarik_temp\.dotnet\tools;E:\gradle-8.14.2\bin;
USERNAME=yarik_temp
LANG=en_US.UTF-8
OS=Windows_NT
PROCESSOR_IDENTIFIER=AMD64 Family 25 Model 33 Stepping 2, AuthenticAMD
TMP=C:\Users\YARIK_~1\AppData\Local\Temp
TEMP=C:\Users\YARIK_~1\AppData\Local\Temp




Periodic native trim disabled

---------------  S Y S T E M  ---------------

OS:
 Windows 10 , 64 bit Build 19041 (10.0.19041.5072)
OS uptime: 4 days 5:55 hours

CPU: total 16 (initial active 16) (16 cores per cpu, 2 threads per core) family 25 model 33 stepping 2 microcode 0x0, cx8, cmov, fxsr, ht, mmx, 3dnowpref, sse, sse2, sse3, ssse3, sse4a, sse4.1, sse4.2, popcnt, lzcnt, tsc, tscinvbit, avx, avx2, aes, erms, clmul, bmi1, bmi2, adx, sha, fma, vzeroupper, clflush, clflushopt, rdtscp, rdpid, fsrm, f16c, pku, cet_ss
Processor Information for the first 16 processors :
  Max Mhz: 3401, Current Mhz: 3401, Mhz Limit: 3401

Memory: 4k page, system-wide physical 32712M (4005M free)
TotalPageFile size 63156M (AvailPageFile size 218M)
current process WorkingSet (physical memory assigned to process): 12M, peak: 12M
current process commit charge ("private bytes"): 71M, peak: 583M

vm_info: Java HotSpot(TM) 64-Bit Server VM (24.0.1+9-30) for windows-amd64 JRE (24.0.1+9-30), built on 2025-03-05T07:23:45Z with MS VC++ 17.6 (VS2022)

END.
